<?xml version="1.0" encoding="UTF-8"?>
<coverage generated="1565904349874" clover="3.2.0">
  <project timestamp="1565904349874" name="All files">
    <metrics statements="29" coveredstatements="28" conditionals="15" coveredconditionals="11" methods="9" coveredmethods="9" elements="53" coveredelements="48" complexity="0" loc="29" ncloc="29" packages="1" files="1" classes="1"/>
    <file name="script.js" path="C:\Coding\JS\HomeWorks\goit_JS\Module15\js\script.js">
      <metrics statements="29" coveredstatements="28" conditionals="15" coveredconditionals="11" methods="9" coveredmethods="9"/>
      <line num="3" count="9" type="stmt"/>
      <line num="6" count="10" type="stmt"/>
      <line num="14" count="4" type="stmt"/>
      <line num="15" count="6" type="cond" truecount="2" falsecount="0"/>
      <line num="16" count="4" type="stmt"/>
      <line num="19" count="0" type="stmt"/>
      <line num="22" count="1" type="stmt"/>
      <line num="23" count="1" type="stmt"/>
      <line num="26" count="1" type="stmt"/>
      <line num="27" count="1" type="cond" truecount="1" falsecount="1"/>
      <line num="28" count="1" type="stmt"/>
      <line num="31" count="1" type="stmt"/>
      <line num="32" count="1" type="cond" truecount="1" falsecount="1"/>
      <line num="33" count="1" type="stmt"/>
      <line num="34" count="1" type="stmt"/>
      <line num="37" count="1" type="stmt"/>
      <line num="38" count="1" type="cond" truecount="1" falsecount="1"/>
      <line num="39" count="1" type="stmt"/>
      <line num="40" count="1" type="stmt"/>
      <line num="43" count="1" type="stmt"/>
      <line num="44" count="1" type="stmt"/>
      <line num="45" count="4" type="cond" truecount="2" falsecount="0"/>
      <line num="49" count="1" type="stmt"/>
      <line num="52" count="1" type="stmt"/>
      <line num="55" count="1" type="stmt"/>
      <line num="56" count="1" type="stmt"/>
      <line num="57" count="4" type="cond" truecount="2" falsecount="0"/>
      <line num="58" count="1" type="stmt"/>
      <line num="61" count="1" type="stmt"/>
    </file>
  </project>
</coverage>
