{"C:\\Coding\\JS\\HomeWorks\\goit_JS\\Module15\\js\\script.js": {"path":"C:\\Coding\\JS\\HomeWorks\\goit_JS\\Module15\\js\\script.js","statementMap":{"0":{"start":{"line":3,"column":4},"end":{"line":3,"column":24}},"1":{"start":{"line":6,"column":4},"end":{"line":6,"column":23}},"2":{"start":{"line":14,"column":4},"end":{"line":18,"column":5}},"3":{"start":{"line":15,"column":6},"end":{"line":17,"column":7}},"4":{"start":{"line":16,"column":8},"end":{"line":16,"column":18}},"5":{"start":{"line":19,"column":4},"end":{"line":19,"column":11}},"6":{"start":{"line":22,"column":4},"end":{"line":22,"column":26}},"7":{"start":{"line":23,"column":4},"end":{"line":23,"column":16}},"8":{"start":{"line":26,"column":21},"end":{"line":26,"column":42}},"9":{"start":{"line":27,"column":4},"end":{"line":27,"column":26}},"10":{"start":{"line":27,"column":19},"end":{"line":27,"column":26}},"11":{"start":{"line":28,"column":4},"end":{"line":28,"column":55}},"12":{"start":{"line":31,"column":21},"end":{"line":31,"column":42}},"13":{"start":{"line":32,"column":4},"end":{"line":32,"column":26}},"14":{"start":{"line":32,"column":19},"end":{"line":32,"column":26}},"15":{"start":{"line":33,"column":4},"end":{"line":33,"column":44}},"16":{"start":{"line":34,"column":4},"end":{"line":34,"column":20}},"17":{"start":{"line":37,"column":21},"end":{"line":37,"column":42}},"18":{"start":{"line":38,"column":4},"end":{"line":38,"column":26}},"19":{"start":{"line":38,"column":19},"end":{"line":38,"column":26}},"20":{"start":{"line":39,"column":4},"end":{"line":39,"column":33}},"21":{"start":{"line":40,"column":4},"end":{"line":40,"column":20}},"22":{"start":{"line":43,"column":19},"end":{"line":43,"column":21}},"23":{"start":{"line":44,"column":4},"end":{"line":51,"column":5}},"24":{"start":{"line":45,"column":6},"end":{"line":50,"column":7}},"25":{"start":{"line":49,"column":8},"end":{"line":49,"column":24}},"26":{"start":{"line":52,"column":4},"end":{"line":52,"column":18}},"27":{"start":{"line":55,"column":19},"end":{"line":55,"column":21}},"28":{"start":{"line":56,"column":4},"end":{"line":60,"column":5}},"29":{"start":{"line":57,"column":6},"end":{"line":59,"column":7}},"30":{"start":{"line":58,"column":8},"end":{"line":58,"column":24}},"31":{"start":{"line":61,"column":4},"end":{"line":61,"column":18}}},"fnMap":{"0":{"name":"(anonymous_0)","decl":{"start":{"line":2,"column":2},"end":{"line":2,"column":3}},"loc":{"start":{"line":2,"column":26},"end":{"line":4,"column":3}},"line":2},"1":{"name":"(anonymous_1)","decl":{"start":{"line":5,"column":2},"end":{"line":5,"column":3}},"loc":{"start":{"line":5,"column":14},"end":{"line":7,"column":3}},"line":5},"2":{"name":"(anonymous_2)","decl":{"start":{"line":13,"column":2},"end":{"line":13,"column":3}},"loc":{"start":{"line":13,"column":19},"end":{"line":20,"column":3}},"line":13},"3":{"name":"(anonymous_3)","decl":{"start":{"line":21,"column":2},"end":{"line":21,"column":3}},"loc":{"start":{"line":21,"column":17},"end":{"line":24,"column":3}},"line":21},"4":{"name":"(anonymous_4)","decl":{"start":{"line":25,"column":2},"end":{"line":25,"column":3}},"loc":{"start":{"line":25,"column":17},"end":{"line":29,"column":3}},"line":25},"5":{"name":"(anonymous_5)","decl":{"start":{"line":30,"column":2},"end":{"line":30,"column":3}},"loc":{"start":{"line":30,"column":40},"end":{"line":35,"column":3}},"line":30},"6":{"name":"(anonymous_6)","decl":{"start":{"line":36,"column":2},"end":{"line":36,"column":3}},"loc":{"start":{"line":36,"column":35},"end":{"line":41,"column":3}},"line":36},"7":{"name":"(anonymous_7)","decl":{"start":{"line":42,"column":2},"end":{"line":42,"column":3}},"loc":{"start":{"line":42,"column":28},"end":{"line":53,"column":3}},"line":42},"8":{"name":"(anonymous_8)","decl":{"start":{"line":54,"column":2},"end":{"line":54,"column":3}},"loc":{"start":{"line":54,"column":34},"end":{"line":62,"column":3}},"line":54}},"branchMap":{"0":{"loc":{"start":{"line":2,"column":14},"end":{"line":2,"column":24}},"type":"default-arg","locations":[{"start":{"line":2,"column":22},"end":{"line":2,"column":24}}],"line":2},"1":{"loc":{"start":{"line":15,"column":6},"end":{"line":17,"column":7}},"type":"if","locations":[{"start":{"line":15,"column":6},"end":{"line":17,"column":7}},{"start":{"line":15,"column":6},"end":{"line":17,"column":7}}],"line":15},"2":{"loc":{"start":{"line":27,"column":4},"end":{"line":27,"column":26}},"type":"if","locations":[{"start":{"line":27,"column":4},"end":{"line":27,"column":26}},{"start":{"line":27,"column":4},"end":{"line":27,"column":26}}],"line":27},"3":{"loc":{"start":{"line":32,"column":4},"end":{"line":32,"column":26}},"type":"if","locations":[{"start":{"line":32,"column":4},"end":{"line":32,"column":26}},{"start":{"line":32,"column":4},"end":{"line":32,"column":26}}],"line":32},"4":{"loc":{"start":{"line":38,"column":4},"end":{"line":38,"column":26}},"type":"if","locations":[{"start":{"line":38,"column":4},"end":{"line":38,"column":26}},{"start":{"line":38,"column":4},"end":{"line":38,"column":26}}],"line":38},"5":{"loc":{"start":{"line":45,"column":6},"end":{"line":50,"column":7}},"type":"if","locations":[{"start":{"line":45,"column":6},"end":{"line":50,"column":7}},{"start":{"line":45,"column":6},"end":{"line":50,"column":7}}],"line":45},"6":{"loc":{"start":{"line":46,"column":8},"end":{"line":47,"column":59}},"type":"binary-expr","locations":[{"start":{"line":46,"column":8},"end":{"line":46,"column":60}},{"start":{"line":47,"column":8},"end":{"line":47,"column":59}}],"line":46},"7":{"loc":{"start":{"line":57,"column":6},"end":{"line":59,"column":7}},"type":"if","locations":[{"start":{"line":57,"column":6},"end":{"line":59,"column":7}},{"start":{"line":57,"column":6},"end":{"line":59,"column":7}}],"line":57}},"s":{"0":9,"1":10,"2":4,"3":6,"4":4,"5":0,"6":1,"7":1,"8":1,"9":1,"10":0,"11":1,"12":1,"13":1,"14":0,"15":1,"16":1,"17":1,"18":1,"19":0,"20":1,"21":1,"22":1,"23":1,"24":4,"25":1,"26":1,"27":1,"28":1,"29":4,"30":1,"31":1},"f":{"0":9,"1":10,"2":4,"3":1,"4":1,"5":1,"6":1,"7":1,"8":1},"b":{"0":[0],"1":[4,2],"2":[0,1],"3":[0,1],"4":[0,1],"5":[1,3],"6":[4,3],"7":[1,3]},"_coverageSchema":"43e27e138ebf9cfc5966b082cf9a028302ed4184","hash":"67a70794936af6c160f8c2cb9e06e7b4b89d8597"}
}
