TN:
SF:C:\Coding\JS\HomeWorks\goit_JS\Module15\js\script.js
FN:2,(anonymous_0)
FN:5,(anonymous_1)
FN:13,(anonymous_2)
FN:21,(anonymous_3)
FN:25,(anonymous_4)
FN:30,(anonymous_5)
FN:36,(anonymous_6)
FN:42,(anonymous_7)
FN:54,(anonymous_8)
FNF:9
FNH:9
FNDA:9,(anonymous_0)
FNDA:10,(anonymous_1)
FNDA:4,(anonymous_2)
FNDA:1,(anonymous_3)
FNDA:1,(anonymous_4)
FNDA:1,(anonymous_5)
FNDA:1,(anonymous_6)
FNDA:1,(anonymous_7)
FNDA:1,(anonymous_8)
DA:3,9
DA:6,10
DA:14,4
DA:15,6
DA:16,4
DA:19,0
DA:22,1
DA:23,1
DA:26,1
DA:27,1
DA:28,1
DA:31,1
DA:32,1
DA:33,1
DA:34,1
DA:37,1
DA:38,1
DA:39,1
DA:40,1
DA:43,1
DA:44,1
DA:45,4
DA:49,1
DA:52,1
DA:55,1
DA:56,1
DA:57,4
DA:58,1
DA:61,1
LF:29
LH:28
BRDA:2,0,0,0
BRDA:15,1,0,4
BRDA:15,1,1,2
BRDA:27,2,0,0
BRDA:27,2,1,1
BRDA:32,3,0,0
BRDA:32,3,1,1
BRDA:38,4,0,0
BRDA:38,4,1,1
BRDA:45,5,0,1
BRDA:45,5,1,3
BRDA:46,6,0,4
BRDA:46,6,1,3
BRDA:57,7,0,1
BRDA:57,7,1,3
BRF:15
BRH:11
end_of_record
